#
# A fatal error has been detected by the Java Runtime Environment:
#
#  SIGSEGV (0xb) at pc=0xb6d4acb8, pid=17203, tid=2372926272
#
# JRE version: Java(TM) SE Runtime Environment (7.0_51-b13) (build 1.7.0_51-b13)
# Java VM: Java HotSpot(TM) Server VM (24.51-b03 mixed mode linux-x86 )
# Problematic frame:
# V  [libjvm.so+0x483cb8]  java_lang_String::utf8_length(oopDesc*)+0x58
#
# Failed to write core dump. Core dumps have been disabled. To enable core dumping, try "ulimit -c unlimited" before starting Java again
#
# If you would like to submit a bug report, please visit:
#   http://bugreport.sun.com/bugreport/crash.jsp
#

---------------  T H R E A D  ---------------

Current thread (0x8d99e000):  JavaThread "JDWP Transport Listener: dt_socket" daemon [_thread_in_vm, id=17220, stack(0x8d6af000,0x8d700000)]

siginfo:si_signo=SIGSEGV: si_errno=0, si_code=1 (SEGV_MAPERR), si_addr=0x00000008

Registers:
EAX=0x00000000, EBX=0xb7189c18, ECX=0x00000000, EDX=0xa8b011d8
ESP=0x8d6fee20, EBP=0x8d6fee28, ESI=0x00000000, EDI=0x00000ffc
EIP=0xb6d4acb8, EFLAGS=0x00210246, CR2=0x00000008

Top of Stack: (sp=0x8d6fee20)
0x8d6fee20:   b7189c18 8d99e000 8d6fee78 b6d95158
0x8d6fee30:   a8b011d8 8d99e130 8d6fee78 b66f217b
0x8d6fee40:   8d99e130 a8b011d8 b675d898 b66ff16c
0x8d6fee50:   8d70070c 8d6ff04c 8d99e000 00000000
0x8d6fee60:   8d70070c 8d6ff04c 8d99e000 b66ff16c
0x8d6fee70:   8d6ff04c 8d99e130 8d6feea8 b66d1473
0x8d6fee80:   8d99e130 8d70070c 00000000 b66e7968
0x8d6fee90:   00000008 00000032 8d70070c b66ff16c 

Instructions: (pc=0xb6d4acb8)
0xb6d4ac98:   02 31 d2 85 c0 74 04 8d 54 4e 0c 56 56 50 52 e8
0xb6d4aca8:   d4 92 33 00 8d 65 f8 5b 5e 5d c3 90 8d 74 26 00
0xb6d4acb8:   8b 46 08 eb dc 90 66 90 55 89 e5 57 56 53 83 ec
0xb6d4acc8:   1c e8 00 00 00 00 5b 81 c3 4a ef 43 00 8b 83 6c 

Register to memory mapping:

EAX=0x00000000 is an unknown value
EBX=0xb7189c18: <offset 0x8c2c18> in /usr/lib/jvm/java-7-oracle/jre/lib/i386/server/libjvm.so at 0xb68c7000
ECX=0x00000000 is an unknown value
EDX=0xa8b011d8 is an oop
java.lang.String 
 - klass: 'java/lang/String'
ESP=0x8d6fee20 is pointing into the stack for thread: 0x8d99e000
EBP=0x8d6fee28 is pointing into the stack for thread: 0x8d99e000
ESI=0x00000000 is an unknown value
EDI=0x00000ffc is an unknown value


Stack: [0x8d6af000,0x8d700000],  sp=0x8d6fee20,  free space=319k
Native frames: (J=compiled Java code, j=interpreted, Vv=VM code, C=native code)
V  [libjvm.so+0x483cb8]  java_lang_String::utf8_length(oopDesc*)+0x58
V  [libjvm.so+0x4ce158]  jni_GetStringUTFChars+0xa8
C  [libjdwp.so+0x9473]  value+0x93
C  [libjdwp.so+0x12813]  debugLoop_run+0x303
C  [libjdwp.so+0x26f7f]  connectionInitiated+0xbf
C  [libjdwp.so+0x26fc0]  attachThread+0x30
V  [libjvm.so+0x5736fc]  JvmtiAgentThread::call_start_function()+0x9c
V  [libjvm.so+0x7996d9]  JavaThread::thread_main_inner()+0x109
V  [libjvm.so+0x799833]  JavaThread::run()+0x123
V  [libjvm.so+0x67e319]  java_start(Thread*)+0x119
C  [libpthread.so.0+0x6d4c]  start_thread+0xcc


---------------  P R O C E S S  ---------------

Java Threads: ( => current thread )
  0x8d39ac00 JavaThread "ReaderThread" [_thread_in_native, id=17232, stack(0x8d299000,0x8d2ea000)]
  0x8d9a6000 JavaThread "Service Thread" daemon [_thread_blocked, id=17229, stack(0x8d4ba000,0x8d50b000)]
  0x8d9a4400 JavaThread "C2 CompilerThread1" daemon [_thread_blocked, id=17228, stack(0x8d50b000,0x8d58c000)]
  0x8d9a2400 JavaThread "C2 CompilerThread0" daemon [_thread_blocked, id=17227, stack(0x8d58c000,0x8d60d000)]
  0x8d700800 JavaThread "JDWP Command Reader" daemon [_thread_in_native, id=17224, stack(0x8d60d000,0x8d65e000)]
  0x8d9a0800 JavaThread "JDWP Event Helper Thread" daemon [_thread_blocked, id=17223, stack(0x8d65e000,0x8d6af000)]
=>0x8d99e000 JavaThread "JDWP Transport Listener: dt_socket" daemon [_thread_in_vm, id=17220, stack(0x8d6af000,0x8d700000)]
  0x8d994800 JavaThread "Signal Dispatcher" daemon [_thread_blocked, id=17218, stack(0x8f22e000,0x8f27f000)]
  0x8d985400 JavaThread "Finalizer" daemon [_thread_blocked, id=17217, stack(0x8f42e000,0x8f47f000)]
  0x8d982c00 JavaThread "Reference Handler" daemon [_thread_blocked, id=17216, stack(0x8f62e000,0x8f67f000)]
  0xb670a400 JavaThread "main" [_thread_blocked, id=17209, stack(0xb684a000,0xb689b000)]

Other Threads:
  0x8d981400 VMThread [stack: 0x8da24000,0x8daa5000] [id=17215]
  0x8d9b0400 WatcherThread [stack: 0x8d439000,0x8d4ba000] [id=17230]

VM state:not at safepoint (normal execution)

VM Mutex/Monitor currently owned by a thread: None

Heap
 PSYoungGen      total 9472K, used 1919K [0xa8a80000, 0xa9d00000, 0xb3280000)
  eden space 8192K, 7% used [0xa8a80000,0xa8b22598,0xa9280000)
  from space 1280K, 99% used [0xa9280000,0xa93bd950,0xa93c0000)
  to   space 1280K, 0% used [0xa9bc0000,0xa9bc0000,0xa9d00000)
 ParOldGen       total 21504K, used 192K [0x93a80000, 0x94f80000, 0xa8a80000)
  object space 21504K, 0% used [0x93a80000,0x93ab01b8,0x94f80000)
 PSPermGen       total 16384K, used 3031K [0x8fa80000, 0x90a80000, 0x93a80000)
  object space 16384K, 18% used [0x8fa80000,0x8fd75d70,0x90a80000)

Card table byte_map: [0x8f963000,0x8fa80000] byte_map_base: 0x8f4e5c00

Polling page: 0xb77b8000

Code Cache  [0xb3354000, 0xb3594000, 0xb6354000)
 total_blobs=174 nmethods=57 adapters=79 free_code_cache=48750Kb largest_free_block=49896896

Compilation events (10 events):
Event: 0,697 Thread 0x8d9a2400 nmethod 53 0xb33b3808 code [0xb33b3920, 0xb33b3afc]
Event: 0,698 Thread 0x8d9a4400 nmethod 51 0xb33a3f48 code [0xb33a4060, 0xb33a42b0]
Event: 0,702 Thread 0x8d9a2400   54             sun.nio.cs.UTF_8$Encoder::encodeArrayLoop (489 bytes)
Event: 0,707 Thread 0x8d9a4400   55             sun.nio.cs.UTF_8$Decoder::decode (640 bytes)
Event: 0,719 Thread 0x8d9a2400 nmethod 54 0xb33b8a88 code [0xb33b8c60, 0xb33b9600]
Event: 0,736 Thread 0x8d9a2400   56 %           java.util.regex.Matcher::search @ 46 (109 bytes)
Event: 0,748 Thread 0x8d9a4400 nmethod 55 0xb33ba008 code [0xb33ba2e0, 0xb33bb218]
Event: 0,754 Thread 0x8d9a2400 nmethod 56% 0xb33b74c8 code [0xb33b7620, 0xb33b7b10]
Event: 0,754 Thread 0x8d9a4400   57             java.util.regex.Matcher::search (109 bytes)
Event: 0,766 Thread 0x8d9a4400 nmethod 57 0xb33a3708 code [0xb33a3840, 0xb33a3c5c]

GC Heap History (2 events):
Event: 0,738 GC heap before
{Heap before GC invocations=1 (full 0):
 PSYoungGen      total 9472K, used 8192K [0xa8a80000, 0xa9500000, 0xb3280000)
  eden space 8192K, 100% used [0xa8a80000,0xa9280000,0xa9280000)
  from space 1280K, 0% used [0xa93c0000,0xa93c0000,0xa9500000)
  to   space 1280K, 0% used [0xa9280000,0xa9280000,0xa93c0000)
 ParOldGen       total 21504K, used 0K [0x93a80000, 0x94f80000, 0xa8a80000)
  object space 21504K, 0% used [0x93a80000,0x93a80000,0x94f80000)
 PSPermGen       total 16384K, used 3025K [0x8fa80000, 0x90a80000, 0x93a80000)
  object space 16384K, 18% used [0x8fa80000,0x8fd745f0,0x90a80000)
Event: 0,746 GC heap after
Heap after GC invocations=1 (full 0):
 PSYoungGen      total 9472K, used 1270K [0xa8a80000, 0xa9d00000, 0xb3280000)
  eden space 8192K, 0% used [0xa8a80000,0xa8a80000,0xa9280000)
  from space 1280K, 99% used [0xa9280000,0xa93bd950,0xa93c0000)
  to   space 1280K, 0% used [0xa9bc0000,0xa9bc0000,0xa9d00000)
 ParOldGen       total 21504K, used 192K [0x93a80000, 0x94f80000, 0xa8a80000)
  object space 21504K, 0% used [0x93a80000,0x93ab01b8,0x94f80000)
 PSPermGen       total 16384K, used 3025K [0x8fa80000, 0x90a80000, 0x93a80000)
  object space 16384K, 18% used [0x8fa80000,0x8fd745f0,0x90a80000)
}

Deoptimization events (5 events):
Event: 0,728 Thread 0xb670a400 Uncommon trap: reason=unreached action=reinterpret pc=0xb33af878 method=java.lang.AbstractStringBuilder.append(Ljava/lang/String;)Ljava/lang/AbstractStringBuilder; @ 1
Event: 0,730 Thread 0xb670a400 Uncommon trap: reason=class_check action=maybe_recompile pc=0xb33b0008 method=java.util.regex.Matcher.search(I)Z @ 86
Event: 0,732 Thread 0xb670a400 Uncommon trap: reason=class_check action=maybe_recompile pc=0xb33b0008 method=java.util.regex.Matcher.search(I)Z @ 86
Event: 0,732 Thread 0xb670a400 Uncommon trap: reason=class_check action=maybe_recompile pc=0xb33b0008 method=java.util.regex.Matcher.search(I)Z @ 86
Event: 0,732 Thread 0xb670a400 Uncommon trap: reason=class_check action=maybe_recompile pc=0xb33b0008 method=java.util.regex.Matcher.search(I)Z @ 86

Internal exceptions (10 events):
Event: 0,751 Thread 0xb670a400 Threw 0xa8a8b6a8 at /HUDSON/workspace/7u-2-build-linux-i586/jdk7u51/527/hotspot/src/share/vm/runtime/reflection.cpp:1030
Event: 0,752 Thread 0xb670a400 Threw 0xa8a8e2e0 at /HUDSON/workspace/7u-2-build-linux-i586/jdk7u51/527/hotspot/src/share/vm/runtime/reflection.cpp:1030
Event: 0,752 Thread 0xb670a400 Threw 0xa8a90f38 at /HUDSON/workspace/7u-2-build-linux-i586/jdk7u51/527/hotspot/src/share/vm/runtime/reflection.cpp:1030
Event: 0,753 Thread 0xb670a400 Threw 0xa8a93d50 at /HUDSON/workspace/7u-2-build-linux-i586/jdk7u51/527/hotspot/src/share/vm/runtime/reflection.cpp:1030
Event: 0,754 Thread 0xb670a400 Threw 0xa8a96d90 at /HUDSON/workspace/7u-2-build-linux-i586/jdk7u51/527/hotspot/src/share/vm/runtime/reflection.cpp:1030
Event: 0,754 Thread 0xb670a400 Threw 0xa8a99c40 at /HUDSON/workspace/7u-2-build-linux-i586/jdk7u51/527/hotspot/src/share/vm/runtime/reflection.cpp:1030
Event: 0,757 Thread 0xb670a400 Threw 0xa8aa10d0 at /HUDSON/workspace/7u-2-build-linux-i586/jdk7u51/527/hotspot/src/share/vm/runtime/reflection.cpp:1030
Event: 0,758 Thread 0xb670a400 Threw 0xa8aa3df8 at /HUDSON/workspace/7u-2-build-linux-i586/jdk7u51/527/hotspot/src/share/vm/runtime/reflection.cpp:1030
Event: 0,759 Thread 0xb670a400 Threw 0xa8aa69c8 at /HUDSON/workspace/7u-2-build-linux-i586/jdk7u51/527/hotspot/src/share/vm/runtime/reflection.cpp:1030
Event: 0,760 Thread 0xb670a400 Threw 0xa8afb5c0 at /HUDSON/workspace/7u-2-build-linux-i586/jdk7u51/527/hotspot/src/share/vm/runtime/reflection.cpp:1030

Events (10 events):
Event: 33,281 Executing VM operation: EnterInterpOnlyMode
Event: 33,281 Executing VM operation: EnterInterpOnlyMode done
Event: 33,281 Executing VM operation: GetCurrentLocation
Event: 33,281 Executing VM operation: GetCurrentLocation done
Event: 33,281 Executing VM operation: ChangeSingleStep
Event: 33,281 Executing VM operation: ChangeSingleStep done
Event: 33,282 Executing VM operation: ChangeSingleStep
Event: 33,282 Executing VM operation: ChangeSingleStep done
Event: 33,415 Executing VM operation: GetOrSetLocal
Event: 33,415 Executing VM operation: GetOrSetLocal done


Dynamic libraries:
08048000-08049000 r-xp 00000000 08:01 805102     /usr/lib/jvm/java-7-oracle/bin/java
08049000-0804a000 rw-p 00000000 08:01 805102     /usr/lib/jvm/java-7-oracle/bin/java
09183000-091a4000 rw-p 00000000 00:00 0          [heap]
8cf00000-8cf23000 rw-p 00000000 00:00 0 
8cf23000-8d000000 ---p 00000000 00:00 0 
8d080000-8d299000 rw-p 00000000 00:00 0 
8d299000-8d29c000 ---p 00000000 00:00 0 
8d29c000-8d2ea000 rw-p 00000000 00:00 0          [stack:17232]
8d2ea000-8d2ff000 r-xp 00000000 08:01 2641470    /usr/lib/jvm/java-7-oracle/jre/lib/i386/libnet.so
8d2ff000-8d300000 rw-p 00014000 08:01 2641470    /usr/lib/jvm/java-7-oracle/jre/lib/i386/libnet.so
8d300000-8d400000 rw-p 00000000 00:00 0 
8d413000-8d41f000 r--s 000ab000 08:01 5514110    /home/runix/.m2/repository/org/mvel/mvel2/2.1.9.Final/mvel2-2.1.9.Final.jar
8d41f000-8d421000 r--s 00005000 08:01 5773717    /home/runix/.m2/repository/com/fathzer/javaluator/2.0.0/javaluator-2.0.0.jar
8d421000-8d42a000 r--s 0006f000 08:01 5772243    /home/runix/.m2/repository/log4j/log4j/1.2.17/log4j-1.2.17.jar
8d42a000-8d439000 r--s 0008a000 08:01 4335403    /home/runix/.m2/repository/org/hibernate/hibernate-validator/5.1.0.Final/hibernate-validator-5.1.0.Final.jar
8d439000-8d43a000 ---p 00000000 00:00 0 
8d43a000-8d4ba000 rw-p 00000000 00:00 0          [stack:17230]
8d4ba000-8d4bd000 ---p 00000000 00:00 0 
8d4bd000-8d50b000 rw-p 00000000 00:00 0          [stack:17229]
8d50b000-8d50e000 ---p 00000000 00:00 0 
8d50e000-8d58c000 rw-p 00000000 00:00 0          [stack:17228]
8d58c000-8d58f000 ---p 00000000 00:00 0 
8d58f000-8d60d000 rw-p 00000000 00:00 0          [stack:17227]
8d60d000-8d610000 ---p 00000000 00:00 0 
8d610000-8d65e000 rw-p 00000000 00:00 0          [stack:17224]
8d65e000-8d661000 ---p 00000000 00:00 0 
8d661000-8d6af000 rw-p 00000000 00:00 0          [stack:17223]
8d6af000-8d6b2000 ---p 00000000 00:00 0 
8d6b2000-8d700000 rw-p 00000000 00:00 0          [stack:17220]
8d700000-8d721000 rw-p 00000000 00:00 0 
8d721000-8d800000 ---p 00000000 00:00 0 
8d800000-8d821000 rw-p 00000000 00:00 0 
8d821000-8d900000 ---p 00000000 00:00 0 
8d900000-8d9ff000 rw-p 00000000 00:00 0 
8d9ff000-8da00000 ---p 00000000 00:00 0 
8da07000-8da09000 r--s 00001000 08:01 5772242    /home/runix/.m2/repository/org/slf4j/slf4j-log4j12/1.7.5/slf4j-log4j12-1.7.5.jar
8da09000-8da0b000 r--s 00005000 08:01 5772241    /home/runix/.m2/repository/org/slf4j/slf4j-api/1.7.5/slf4j-api-1.7.5.jar
8da0b000-8da0d000 r--s 0000d000 08:01 5772240    /home/runix/.m2/repository/com/fasterxml/classmate/1.0.0/classmate-1.0.0.jar
8da0d000-8da11000 r--s 0000c000 08:01 5377345    /home/runix/.m2/repository/javax/validation/validation-api/1.1.0.Final/validation-api-1.1.0.Final.jar
8da11000-8da1a000 r--s 00058000 08:01 5645922    /home/runix/.m2/repository/taglibs/standard/1.1.2/standard-1.1.2.jar
8da1a000-8da24000 r--s 0004a000 08:01 5645921    /home/runix/.m2/repository/org/springframework/security/spring-security-web/3.2.0.RELEASE/spring-security-web-3.2.0.RELEASE.jar
8da24000-8da25000 ---p 00000000 00:00 0 
8da25000-8daf0000 rw-p 00000000 00:00 0          [stack:17215]
8daf0000-8dcad000 r--s 039bf000 08:01 1190119    /usr/lib/jvm/java-7-oracle/jre/lib/rt.jar
8dcad000-8f100000 rw-p 00000000 00:00 0 
8f100000-8f121000 rw-p 00000000 00:00 0 
8f121000-8f200000 ---p 00000000 00:00 0 
8f200000-8f202000 r--s 0000c000 08:01 5645923    /home/runix/.m2/repository/org/jboss/logging/jboss-logging/3.1.3.GA/jboss-logging-3.1.3.GA.jar
8f202000-8f20d000 r--s 0004d000 08:01 5645920    /home/runix/.m2/repository/org/springframework/security/spring-security-core/3.2.0.RELEASE/spring-security-core-3.2.0.RELEASE.jar
8f20d000-8f215000 r--s 00034000 08:01 5645919    /home/runix/.m2/repository/org/springframework/spring-tx/3.2.6.RELEASE/spring-tx-3.2.6.RELEASE.jar
8f215000-8f21f000 r--s 0005a000 08:01 5645918    /home/runix/.m2/repository/org/springframework/spring-jdbc/3.2.6.RELEASE/spring-jdbc-3.2.6.RELEASE.jar
8f21f000-8f222000 r--s 00011000 08:01 5645917    /home/runix/.m2/repository/org/springframework/security/spring-security-acl/3.2.0.RELEASE/spring-security-acl-3.2.0.RELEASE.jar
8f222000-8f22e000 r--s 00088000 08:01 5377344    /home/runix/.m2/repository/org/springframework/spring-beans/3.2.0.RELEASE/spring-beans-3.2.0.RELEASE.jar
8f22e000-8f231000 ---p 00000000 00:00 0 
8f231000-8f27f000 rw-p 00000000 00:00 0          [stack:17218]
8f27f000-8f280000 ---p 00000000 00:00 0 
8f280000-8f300000 rw-p 00000000 00:00 0          [stack:17214]
8f300000-8f321000 rw-p 00000000 00:00 0 
8f321000-8f400000 ---p 00000000 00:00 0 
8f400000-8f402000 r--s 00004000 08:01 5645916    /home/runix/.m2/repository/org/springframework/security/spring-security-taglibs/3.2.0.RELEASE/spring-security-taglibs-3.2.0.RELEASE.jar
8f402000-8f404000 r--s 0000b000 08:01 5645915    /home/runix/.m2/repository/javax/servlet/jsp-api/2.0/jsp-api-2.0.jar
8f404000-8f40b000 r--s 00049000 08:01 5645914    /home/runix/.m2/repository/cglib/cglib-nodep/2.1_3/cglib-nodep-2.1_3.jar
8f40b000-8f419000 r--s 0008b000 08:01 5645912    /home/runix/.m2/repository/org/springframework/spring-web/3.2.0.RELEASE/spring-web-3.2.0.RELEASE.jar
8f419000-8f423000 r--s 0005c000 08:01 5513995    /home/runix/.m2/repository/jstl/jstl/1.2/jstl-1.2.jar
8f423000-8f42e000 r--s 00064000 08:01 5245668    /home/runix/.m2/repository/org/springframework/spring-test/3.2.0.RELEASE/spring-test-3.2.0.RELEASE.jar
8f42e000-8f431000 ---p 00000000 00:00 0 
8f431000-8f47f000 rw-p 00000000 00:00 0          [stack:17217]
8f47f000-8f480000 ---p 00000000 00:00 0 
8f480000-8f500000 rw-p 00000000 00:00 0          [stack:17213]
8f500000-8f5fa000 rw-p 00000000 00:00 0 
8f5fa000-8f600000 ---p 00000000 00:00 0 
8f600000-8f601000 rw-p 00000000 00:00 0 
8f601000-8f605000 r--s 00014000 08:01 5645913    /home/runix/.m2/repository/org/springframework/javaconfig/spring-javaconfig/1.0.0.m3/spring-javaconfig-1.0.0.m3.jar
8f605000-8f60d000 r--s 0004a000 08:01 5115966    /home/runix/.m2/repository/org/springframework/spring-aop/3.2.0.RELEASE/spring-aop-3.2.0.RELEASE.jar
8f60d000-8f622000 r--s 000bc000 08:01 4984683    /home/runix/.m2/repository/org/springframework/spring-context/3.2.0.RELEASE/spring-context-3.2.0.RELEASE.jar
8f622000-8f62e000 r--s 00090000 08:01 4984682    /home/runix/.m2/repository/org/springframework/spring-webmvc/3.2.0.RELEASE/spring-webmvc-3.2.0.RELEASE.jar
8f62e000-8f631000 ---p 00000000 00:00 0 
8f631000-8f67f000 rw-p 00000000 00:00 0          [stack:17216]
8f67f000-8f680000 ---p 00000000 00:00 0 
8f680000-8f700000 rw-p 00000000 00:00 0          [stack:17212]
8f700000-8f7ef000 rw-p 00000000 00:00 0 
8f7ef000-8f800000 ---p 00000000 00:00 0 
8f800000-8f801000 rw-p 00000000 00:00 0 
8f801000-8f803000 r--s 00018000 08:01 5115964    /home/runix/.m2/repository/javax/servlet/servlet-api/2.5/servlet-api-2.5.jar
8f803000-8f808000 r--s 0002b000 08:01 5645911    /home/runix/.m2/repository/org/springframework/spring-expression/3.2.0.RELEASE/spring-expression-3.2.0.RELEASE.jar
8f808000-8f81a000 r--s 000c1000 08:01 4722725    /home/runix/.m2/repository/org/springframework/spring-core/3.2.0.RELEASE/spring-core-3.2.0.RELEASE.jar
8f81a000-8f81b000 ---p 00000000 00:00 0 
8f81b000-8f8a3000 rw-p 00000000 00:00 0          [stack:17211]
8f8a3000-8f8bb000 rw-p 00000000 00:00 0 
8f8bb000-8f8c6000 rw-p 00000000 00:00 0 
8f8c6000-8f963000 rw-p 00000000 00:00 0 
8f963000-8f96b000 rw-p 00000000 00:00 0 
8f96b000-8f983000 rw-p 00000000 00:00 0 
8f983000-8f98e000 rw-p 00000000 00:00 0 
8f98e000-8fa2b000 rw-p 00000000 00:00 0 
8fa2b000-8fa35000 rw-p 00000000 00:00 0 
8fa35000-8fa7f000 rw-p 00000000 00:00 0 
8fa7f000-90a80000 rw-p 00000000 00:00 0 
90a80000-93a80000 rw-p 00000000 00:00 0 
93a80000-94f80000 rw-p 00000000 00:00 0 
94f80000-a8a80000 rw-p 00000000 00:00 0 
a8a80000-a9d00000 rw-p 00000000 00:00 0 
a9d00000-b3280000 rw-p 00000000 00:00 0 
b3280000-b3286000 r--s 00036000 08:01 4722727    /home/runix/.m2/repository/junit/junit/4.11/junit-4.11.jar
b3286000-b329d000 rw-p 00000000 00:00 0 
b329d000-b3354000 rw-p 00000000 00:00 0 
b3354000-b3594000 rwxp 00000000 00:00 0 
b3594000-b6354000 rw-p 00000000 00:00 0 
b6354000-b636a000 r-xp 00000000 08:01 5512434    /lib/i386-linux-gnu/libnsl-2.15.so
b636a000-b636b000 r--p 00015000 08:01 5512434    /lib/i386-linux-gnu/libnsl-2.15.so
b636b000-b636c000 rw-p 00016000 08:01 5512434    /lib/i386-linux-gnu/libnsl-2.15.so
b636c000-b636e000 rw-p 00000000 00:00 0 
b636e000-b6375000 r-xp 00000000 08:01 5512449    /lib/i386-linux-gnu/libnss_compat-2.15.so
b6375000-b6376000 r--p 00006000 08:01 5512449    /lib/i386-linux-gnu/libnss_compat-2.15.so
b6376000-b6377000 rw-p 00007000 08:01 5512449    /lib/i386-linux-gnu/libnss_compat-2.15.so
b6377000-b6379000 r--s 00000000 08:01 5377343    /home/runix/.m2/repository/aopalliance/aopalliance/1.0/aopalliance-1.0.jar
b6379000-b637b000 r--s 0000d000 08:01 4853288    /home/runix/.m2/repository/commons-logging/commons-logging/1.1.1/commons-logging-1.1.1.jar
b637b000-b637e000 r-xp 00000000 08:01 2641493    /usr/lib/jvm/java-7-oracle/jre/lib/i386/libdt_socket.so
b637e000-b637f000 rw-p 00003000 08:01 2641493    /usr/lib/jvm/java-7-oracle/jre/lib/i386/libdt_socket.so
b637f000-b6396000 r-xp 00000000 08:01 2641475    /usr/lib/jvm/java-7-oracle/jre/lib/i386/libzip.so
b6396000-b6397000 rw-p 00017000 08:01 2641475    /usr/lib/jvm/java-7-oracle/jre/lib/i386/libzip.so
b6397000-b64c8000 r--p 005e3000 08:01 269382     /usr/lib/locale/locale-archive
b64c8000-b66c8000 r--p 00000000 08:01 269382     /usr/lib/locale/locale-archive
b66c8000-b66ff000 r-xp 00000000 08:01 2641519    /usr/lib/jvm/java-7-oracle/jre/lib/i386/libjdwp.so
b66ff000-b6700000 rw-p 00037000 08:01 2641519    /usr/lib/jvm/java-7-oracle/jre/lib/i386/libjdwp.so
b6700000-b67f8000 rw-p 00000000 00:00 0 
b67f8000-b6800000 ---p 00000000 00:00 0 
b6800000-b6801000 rw-p 00000000 00:00 0 
b6801000-b6808000 r--s 00000000 08:01 267487     /usr/lib/i386-linux-gnu/gconv/gconv-modules.cache
b6808000-b6810000 rw-s 00000000 08:01 5775131    /tmp/hsperfdata_runix/17203
b6810000-b681b000 r-xp 00000000 08:01 5512448    /lib/i386-linux-gnu/libnss_files-2.15.so
b681b000-b681c000 r--p 0000a000 08:01 5512448    /lib/i386-linux-gnu/libnss_files-2.15.so
b681c000-b681d000 rw-p 0000b000 08:01 5512448    /lib/i386-linux-gnu/libnss_files-2.15.so
b681d000-b6840000 r-xp 00000000 08:01 2641484    /usr/lib/jvm/java-7-oracle/jre/lib/i386/libjava.so
b6840000-b6841000 rw-p 00022000 08:01 2641484    /usr/lib/jvm/java-7-oracle/jre/lib/i386/libjava.so
b6841000-b6848000 r-xp 00000000 08:01 5512442    /lib/i386-linux-gnu/librt-2.15.so
b6848000-b6849000 r--p 00006000 08:01 5512442    /lib/i386-linux-gnu/librt-2.15.so
b6849000-b684a000 rw-p 00007000 08:01 5512442    /lib/i386-linux-gnu/librt-2.15.so
b684a000-b684d000 ---p 00000000 00:00 0 
b684d000-b689b000 rw-p 00000000 00:00 0          [stack:17209]
b689b000-b68c5000 r-xp 00000000 08:01 5512446    /lib/i386-linux-gnu/libm-2.15.so
b68c5000-b68c6000 r--p 00029000 08:01 5512446    /lib/i386-linux-gnu/libm-2.15.so
b68c6000-b68c7000 rw-p 0002a000 08:01 5512446    /lib/i386-linux-gnu/libm-2.15.so
b68c7000-b713e000 r-xp 00000000 08:01 3932170    /usr/lib/jvm/java-7-oracle/jre/lib/i386/server/libjvm.so
b713e000-b71a2000 rw-p 00877000 08:01 3932170    /usr/lib/jvm/java-7-oracle/jre/lib/i386/server/libjvm.so
b71a2000-b75c6000 rw-p 00000000 00:00 0 
b75c6000-b776a000 r-xp 00000000 08:01 5512451    /lib/i386-linux-gnu/libc-2.15.so
b776a000-b776c000 r--p 001a4000 08:01 5512451    /lib/i386-linux-gnu/libc-2.15.so
b776c000-b776d000 rw-p 001a6000 08:01 5512451    /lib/i386-linux-gnu/libc-2.15.so
b776d000-b7770000 rw-p 00000000 00:00 0 
b7770000-b7773000 r-xp 00000000 08:01 5512450    /lib/i386-linux-gnu/libdl-2.15.so
b7773000-b7774000 r--p 00002000 08:01 5512450    /lib/i386-linux-gnu/libdl-2.15.so
b7774000-b7775000 rw-p 00003000 08:01 5512450    /lib/i386-linux-gnu/libdl-2.15.so
b7775000-b7776000 rw-p 00000000 00:00 0 
b7776000-b7789000 r-xp 00000000 08:01 2640822    /usr/lib/jvm/java-7-oracle/lib/i386/jli/libjli.so
b7789000-b778a000 rw-p 00012000 08:01 2640822    /usr/lib/jvm/java-7-oracle/lib/i386/jli/libjli.so
b778a000-b77a1000 r-xp 00000000 08:01 5512440    /lib/i386-linux-gnu/libpthread-2.15.so
b77a1000-b77a2000 r--p 00016000 08:01 5512440    /lib/i386-linux-gnu/libpthread-2.15.so
b77a2000-b77a3000 rw-p 00017000 08:01 5512440    /lib/i386-linux-gnu/libpthread-2.15.so
b77a3000-b77a5000 rw-p 00000000 00:00 0 
b77a5000-b77a7000 r--s 00009000 08:01 1190826    /home/runix/.m2/repository/org/hamcrest/hamcrest-core/1.3/hamcrest-core-1.3.jar
b77a7000-b77b1000 r-xp 00000000 08:01 5512447    /lib/i386-linux-gnu/libnss_nis-2.15.so
b77b1000-b77b2000 r--p 00009000 08:01 5512447    /lib/i386-linux-gnu/libnss_nis-2.15.so
b77b2000-b77b3000 rw-p 0000a000 08:01 5512447    /lib/i386-linux-gnu/libnss_nis-2.15.so
b77b3000-b77b4000 r--p 0084b000 08:01 269382     /usr/lib/locale/locale-archive
b77b4000-b77b6000 r-xp 00000000 08:01 2641508    /usr/lib/jvm/java-7-oracle/jre/lib/i386/libnpt.so
b77b6000-b77b7000 rw-p 00002000 08:01 2641508    /usr/lib/jvm/java-7-oracle/jre/lib/i386/libnpt.so
b77b7000-b77b8000 rw-p 00000000 00:00 0 
b77b8000-b77b9000 r--p 00000000 00:00 0 
b77b9000-b77c4000 r-xp 00000000 08:01 2641496    /usr/lib/jvm/java-7-oracle/jre/lib/i386/libverify.so
b77c4000-b77c5000 rw-p 0000b000 08:01 2641496    /usr/lib/jvm/java-7-oracle/jre/lib/i386/libverify.so
b77c5000-b77c7000 rw-p 00000000 00:00 0 
b77c7000-b77e7000 r-xp 00000000 08:01 5512441    /lib/i386-linux-gnu/ld-2.15.so
b77e7000-b77e8000 r--p 0001f000 08:01 5512441    /lib/i386-linux-gnu/ld-2.15.so
b77e8000-b77e9000 rw-p 00020000 08:01 5512441    /lib/i386-linux-gnu/ld-2.15.so
bf873000-bf895000 rw-p 00000000 00:00 0          [stack]

VM Arguments:
jvm_args: -agentlib:jdwp=transport=dt_socket,suspend=y,address=localhost:34321 -Dfile.encoding=UTF-8 
java_command: org.eclipse.jdt.internal.junit.runner.RemoteTestRunner -version 3 -port 33222 -testLoaderClass org.eclipse.jdt.internal.junit4.runner.JUnit4TestLoader -loaderpluginname org.eclipse.jdt.junit4.runtime -classNames es.unileon.ulebank.account.AccountHandlerTest
Launcher Type: SUN_STANDARD

Environment Variables:
PATH=/opt/ros/fuerte/bin:/usr/lib/lightdm/lightdm:/usr/local/sbin:/usr/local/bin:/usr/sbin:/usr/bin:/sbin:/bin:/usr/games
LD_LIBRARY_PATH=/opt/ros/fuerte/lib:
SHELL=/bin/bash
DISPLAY=:0

Signal Handlers:
SIGSEGV: [libjvm.so+0x7dd5e0], sa_mask[0]=0x7ffbfeff, sa_flags=0x10000004
SIGBUS: [libjvm.so+0x7dd5e0], sa_mask[0]=0x7ffbfeff, sa_flags=0x10000004
SIGFPE: [libjvm.so+0x678d60], sa_mask[0]=0x7ffbfeff, sa_flags=0x10000004
SIGPIPE: [libjvm.so+0x678d60], sa_mask[0]=0x7ffbfeff, sa_flags=0x10000004
SIGXFSZ: [libjvm.so+0x678d60], sa_mask[0]=0x7ffbfeff, sa_flags=0x10000004
SIGILL: [libjvm.so+0x678d60], sa_mask[0]=0x7ffbfeff, sa_flags=0x10000004
SIGUSR1: SIG_DFL, sa_mask[0]=0x00000000, sa_flags=0x00000000
SIGUSR2: [libjvm.so+0x67a250], sa_mask[0]=0x00000004, sa_flags=0x10000004
SIGHUP: [libjvm.so+0x67b3a0], sa_mask[0]=0x7ffbfeff, sa_flags=0x10000004
SIGINT: [libjvm.so+0x67b3a0], sa_mask[0]=0x7ffbfeff, sa_flags=0x10000004
SIGTERM: [libjvm.so+0x67b3a0], sa_mask[0]=0x7ffbfeff, sa_flags=0x10000004
SIGQUIT: [libjvm.so+0x67b3a0], sa_mask[0]=0x7ffbfeff, sa_flags=0x10000004


---------------  S Y S T E M  ---------------

OS:wheezy/sid

uname:Linux 3.5.0-41-generic #64~precise1-Ubuntu SMP Thu Sep 12 17:01:55 UTC 2013 i686
libc:glibc 2.15 NPTL 2.15 
rlimit: STACK 8192k, CORE 0k, NPROC 16000, NOFILE 4096, AS infinity
load average:0,91 0,96 0,88

/proc/meminfo:
MemTotal:        2063980 kB
MemFree:          137772 kB
Buffers:           20064 kB
Cached:           189388 kB
SwapCached:          680 kB
Active:           835668 kB
Inactive:         902324 kB
Active(anon):     736888 kB
Inactive(anon):   794328 kB
Active(file):      98780 kB
Inactive(file):   107996 kB
Unevictable:           0 kB
Mlocked:               0 kB
HighTotal:       1182600 kB
HighFree:          15020 kB
LowTotal:         881380 kB
LowFree:          122752 kB
SwapTotal:       3126060 kB
SwapFree:        3066556 kB
Dirty:              2052 kB
Writeback:             0 kB
AnonPages:       1528016 kB
Mapped:            73092 kB
Shmem:              2556 kB
Slab:              43668 kB
SReclaimable:      24052 kB
SUnreclaim:        19616 kB
KernelStack:        4408 kB
PageTables:        11032 kB
NFS_Unstable:          0 kB
Bounce:                0 kB
WritebackTmp:          0 kB
CommitLimit:     4158048 kB
Committed_AS:    4257080 kB
VmallocTotal:     122880 kB
VmallocUsed:       58388 kB
VmallocChunk:      20652 kB
HardwareCorrupted:     0 kB
AnonHugePages:         0 kB
HugePages_Total:       0
HugePages_Free:        0
HugePages_Rsvd:        0
HugePages_Surp:        0
Hugepagesize:       2048 kB
DirectMap4k:      100344 kB
DirectMap2M:      813056 kB


CPU:total 4 (4 cores per cpu, 1 threads per core) family 6 model 15 stepping 11, cmov, cx8, fxsr, mmx, sse, sse2, sse3, ssse3, tsc

/proc/cpuinfo:
processor	: 0
vendor_id	: GenuineIntel
cpu family	: 6
model		: 15
model name	: Intel(R) Core(TM)2 Quad CPU    Q6600  @ 2.40GHz
stepping	: 11
microcode	: 0xb6
cpu MHz		: 1600.000
cache size	: 4096 KB
physical id	: 0
siblings	: 4
core id		: 0
cpu cores	: 4
apicid		: 0
initial apicid	: 0
fdiv_bug	: no
hlt_bug		: no
f00f_bug	: no
coma_bug	: no
fpu		: yes
fpu_exception	: yes
cpuid level	: 10
wp		: yes
flags		: fpu vme de pse tsc msr pae mce cx8 apic sep mtrr pge mca cmov pat pse36 clflush dts acpi mmx fxsr sse sse2 ss ht tm pbe nx lm constant_tsc arch_perfmon pebs bts aperfmperf pni dtes64 monitor ds_cpl vmx est tm2 ssse3 cx16 xtpr pdcm lahf_lm dtherm tpr_shadow vnmi flexpriority
bogomips	: 4799.95
clflush size	: 64
cache_alignment	: 64
address sizes	: 36 bits physical, 48 bits virtual
power management:

processor	: 1
vendor_id	: GenuineIntel
cpu family	: 6
model		: 15
model name	: Intel(R) Core(TM)2 Quad CPU    Q6600  @ 2.40GHz
stepping	: 11
microcode	: 0xb6
cpu MHz		: 1600.000
cache size	: 4096 KB
physical id	: 0
siblings	: 4
core id		: 3
cpu cores	: 4
apicid		: 3
initial apicid	: 3
fdiv_bug	: no
hlt_bug		: no
f00f_bug	: no
coma_bug	: no
fpu		: yes
fpu_exception	: yes
cpuid level	: 10
wp		: yes
flags		: fpu vme de pse tsc msr pae mce cx8 apic sep mtrr pge mca cmov pat pse36 clflush dts acpi mmx fxsr sse sse2 ss ht tm pbe nx lm constant_tsc arch_perfmon pebs bts aperfmperf pni dtes64 monitor ds_cpl vmx est tm2 ssse3 cx16 xtpr pdcm lahf_lm dtherm tpr_shadow vnmi flexpriority
bogomips	: 4799.95
clflush size	: 64
cache_alignment	: 64
address sizes	: 36 bits physical, 48 bits virtual
power management:

processor	: 2
vendor_id	: GenuineIntel
cpu family	: 6
model		: 15
model name	: Intel(R) Core(TM)2 Quad CPU    Q6600  @ 2.40GHz
stepping	: 11
microcode	: 0xb6
cpu MHz		: 1600.000
cache size	: 4096 KB
physical id	: 0
siblings	: 4
core id		: 1
cpu cores	: 4
apicid		: 1
initial apicid	: 1
fdiv_bug	: no
hlt_bug		: no
f00f_bug	: no
coma_bug	: no
fpu		: yes
fpu_exception	: yes
cpuid level	: 10
wp		: yes
flags		: fpu vme de pse tsc msr pae mce cx8 apic sep mtrr pge mca cmov pat pse36 clflush dts acpi mmx fxsr sse sse2 ss ht tm pbe nx lm constant_tsc arch_perfmon pebs bts aperfmperf pni dtes64 monitor ds_cpl vmx est tm2 ssse3 cx16 xtpr pdcm lahf_lm dtherm tpr_shadow vnmi flexpriority
bogomips	: 4799.95
clflush size	: 64
cache_alignment	: 64
address sizes	: 36 bits physical, 48 bits virtual
power management:

processor	: 3
vendor_id	: GenuineIntel
cpu family	: 6
model		: 15
model name	: Intel(R) Core(TM)2 Quad CPU    Q6600  @ 2.40GHz
stepping	: 11
microcode	: 0xb6
cpu MHz		: 2400.000
cache size	: 4096 KB
physical id	: 0
siblings	: 4
core id		: 2
cpu cores	: 4
apicid		: 2
initial apicid	: 2
fdiv_bug	: no
hlt_bug		: no
f00f_bug	: no
coma_bug	: no
fpu		: yes
fpu_exception	: yes
cpuid level	: 10
wp		: yes
flags		: fpu vme de pse tsc msr pae mce cx8 apic sep mtrr pge mca cmov pat pse36 clflush dts acpi mmx fxsr sse sse2 ss ht tm pbe nx lm constant_tsc arch_perfmon pebs bts aperfmperf pni dtes64 monitor ds_cpl vmx est tm2 ssse3 cx16 xtpr pdcm lahf_lm dtherm tpr_shadow vnmi flexpriority
bogomips	: 4799.95
clflush size	: 64
cache_alignment	: 64
address sizes	: 36 bits physical, 48 bits virtual
power management:



Memory: 4k page, physical 2063980k(137772k free), swap 3126060k(3066556k free)

vm_info: Java HotSpot(TM) Server VM (24.51-b03) for linux-x86 JRE (1.7.0_51-b13), built on Dec 18 2013 18:45:30 by "java_re" with gcc 4.3.0 20080428 (Red Hat 4.3.0-8)

time: Tue May 20 00:54:40 2014
elapsed time: 33 seconds

